<?xml version="1.0" encoding="UTF-8"?>
<!-- Generated by org.testng.reporters.JUnitReportReporter -->
<testsuite hostname="Dinas-MacBook-Air.local" failures="0" tests="5" name="APIsTesting" time="11.839" errors="0" timestamp="2021-11-05T19:53:27 EET" skipped="0">
  <testcase classname="APIsTesting" name="verifySearchByUsername" time="0.334"/>
  <system-out/>
  <testcase classname="APIsTesting" name="searchByUserName" time="1.188"/>
  <system-out/>
  <testcase classname="APIsTesting" name="searchPostsByUserID" time="0.491"/>
  <system-out/>
  <testcase classname="APIsTesting" name="checkUsersStatusCode" time="4.187"/>
  <system-out/>
  <testcase classname="APIsTesting" name="searchCommentsOnPost" time="5.639"/>
  <system-out/>
</testsuite> <!-- APIsTesting -->
